#-----------------------------------------------------------
# Vivado v2020.1 (64-bit)
# SW Build 2902540 on Wed May 27 19:54:49 MDT 2020
# IP Build 2902112 on Wed May 27 22:43:36 MDT 2020
# Start of session at: Sun Nov 22 02:52:55 2020
# Process ID: 21140
# Current directory: D:/university work/Year2/cpe223/final project/BruhV.1/morseV.1
# Command line: vivado.exe -gui_launcher_event rodinguilauncherevent13944 D:\university work\Year2\cpe223\final project\BruhV.1\morseV.1\morse.xpr
# Log file: D:/university work/Year2/cpe223/final project/BruhV.1/morseV.1/vivado.log
# Journal file: D:/university work/Year2/cpe223/final project/BruhV.1/morseV.1\vivado.jou
#-----------------------------------------------------------
start_gui
open_project {D:/university work/Year2/cpe223/final project/BruhV.1/morseV.1/morse.xpr}
INFO: [Project 1-313] Project file moved from 'D:/university work/Year2/cpe223/final project/BruhV.1/morse' since last save.
Scanning sources...
Finished scanning sources
INFO: [IP_Flow 19-234] Refreshing IP repositories
INFO: [IP_Flow 19-1704] No user IP repositories specified
INFO: [IP_Flow 19-2313] Loaded Vivado IP repository 'D:/xilinx/Vivado/2020.1/data/ip'.
open_project: Time (s): cpu = 00:00:24 ; elapsed = 00:00:08 . Memory (MB): peak = 1013.137 ; gain = 0.000
update_compile_order -fileset sources_1
reset_run synth_1
launch_runs impl_1 -to_step write_bitstream -jobs 4
[Sun Nov 22 02:55:21 2020] Launched synth_1...
Run output will be captured here: D:/university work/Year2/cpe223/final project/BruhV.1/morseV.1/morse.runs/synth_1/runme.log
[Sun Nov 22 02:55:22 2020] Launched impl_1...
Run output will be captured here: D:/university work/Year2/cpe223/final project/BruhV.1/morseV.1/morse.runs/impl_1/runme.log
open_run impl_1
INFO: [Device 21-403] Loading part xc7a35tcpg236-1
Netlist sorting complete. Time (s): cpu = 00:00:00 ; elapsed = 00:00:00.003 . Memory (MB): peak = 1146.555 ; gain = 0.000
INFO: [Netlist 29-17] Analyzing 7 Unisim elements for replacement
INFO: [Netlist 29-28] Unisim Transformation completed in 0 CPU seconds
INFO: [Project 1-479] Netlist was created with Vivado 2020.1
INFO: [Project 1-570] Preparing netlist for logic optimization
INFO: [Timing 38-478] Restoring timing data from binary archive.
INFO: [Timing 38-479] Binary timing data restore complete.
INFO: [Project 1-856] Restoring constraints from binary archive.
INFO: [Project 1-853] Binary constraint restore complete.
Reading XDEF placement.
Reading placer database...
Reading XDEF routing.
Read XDEF File: Time (s): cpu = 00:00:00 ; elapsed = 00:00:00.064 . Memory (MB): peak = 1803.617 ; gain = 0.000
Restored from archive | CPU: 0.000000 secs | Memory: 0.000000 MB |
Finished XDEF File Restore: Time (s): cpu = 00:00:00 ; elapsed = 00:00:00.065 . Memory (MB): peak = 1803.617 ; gain = 0.000
Netlist sorting complete. Time (s): cpu = 00:00:00 ; elapsed = 00:00:00 . Memory (MB): peak = 1803.617 ; gain = 0.000
INFO: [Project 1-111] Unisim Transformation Summary:
No Unisim elements were transformed.

open_run: Time (s): cpu = 00:00:35 ; elapsed = 00:00:29 . Memory (MB): peak = 1919.746 ; gain = 906.609
reset_run synth_1
launch_runs impl_1 -to_step write_bitstream -jobs 4
[Sun Nov 22 02:59:27 2020] Launched synth_1...
Run output will be captured here: D:/university work/Year2/cpe223/final project/BruhV.1/morseV.1/morse.runs/synth_1/runme.log
[Sun Nov 22 02:59:27 2020] Launched impl_1...
Run output will be captured here: D:/university work/Year2/cpe223/final project/BruhV.1/morseV.1/morse.runs/impl_1/runme.log
reset_run impl_1
reset_run synth_1
launch_runs impl_1 -to_step write_bitstream -jobs 4
[Sun Nov 22 03:02:49 2020] Launched synth_1...
Run output will be captured here: D:/university work/Year2/cpe223/final project/BruhV.1/morseV.1/morse.runs/synth_1/runme.log
[Sun Nov 22 03:02:49 2020] Launched impl_1...
Run output will be captured here: D:/university work/Year2/cpe223/final project/BruhV.1/morseV.1/morse.runs/impl_1/runme.log
reset_run synth_1
launch_runs impl_1 -to_step write_bitstream -jobs 4
[Sun Nov 22 03:10:19 2020] Launched synth_1...
Run output will be captured here: D:/university work/Year2/cpe223/final project/BruhV.1/morseV.1/morse.runs/synth_1/runme.log
[Sun Nov 22 03:10:20 2020] Launched impl_1...
Run output will be captured here: D:/university work/Year2/cpe223/final project/BruhV.1/morseV.1/morse.runs/impl_1/runme.log
open_hw_manager
connect_hw_server -allow_non_jtag
INFO: [Labtools 27-2285] Connecting to hw_server url TCP:localhost:3121
INFO: [Labtools 27-3415] Connecting to cs_server url TCP:localhost:3042
INFO: [Labtools 27-3414] Connected to existing cs_server.
open_hw_target
INFO: [Labtoolstcl 44-466] Opening hw_target localhost:3121/xilinx_tcf/Digilent/210183ACAB77A
open_hw_target: Time (s): cpu = 00:00:07 ; elapsed = 00:00:08 . Memory (MB): peak = 3267.379 ; gain = 1285.965
set_property PROGRAM.FILE {D:/university work/Year2/cpe223/final project/BruhV.1/morseV.1/morse.runs/impl_1/top_module.bit} [get_hw_devices xc7a35t_0]
current_hw_device [get_hw_devices xc7a35t_0]
refresh_hw_device -update_hw_probes false [lindex [get_hw_devices xc7a35t_0] 0]
INFO: [Labtools 27-1434] Device xc7a35t (JTAG device index = 0) is programmed with a design that has no supported debug core(s) in it.
set_property PROBES.FILE {} [get_hw_devices xc7a35t_0]
set_property FULL_PROBES.FILE {} [get_hw_devices xc7a35t_0]
set_property PROGRAM.FILE {D:/university work/Year2/cpe223/final project/BruhV.1/morseV.1/morse.runs/impl_1/top_module.bit} [get_hw_devices xc7a35t_0]
program_hw_devices [get_hw_devices xc7a35t_0]
INFO: [Labtools 27-3164] End of startup status: HIGH
refresh_hw_device [lindex [get_hw_devices xc7a35t_0] 0]
INFO: [Labtools 27-1434] Device xc7a35t (JTAG device index = 0) is programmed with a design that has no supported debug core(s) in it.
exit
INFO: [Common 17-206] Exiting Vivado at Sun Nov 22 03:15:56 2020...
