#-----------------------------------------------------------
# Vivado v2020.1 (64-bit)
# SW Build 2902540 on Wed May 27 19:54:49 MDT 2020
# IP Build 2902112 on Wed May 27 22:43:36 MDT 2020
# Start of session at: Sun Nov 22 02:49:49 2020
# Process ID: 3020
# Current directory: D:/university work/Year2/cpe223/final project/BruhV.1/morseV.1
# Command line: vivado.exe -gui_launcher_event rodinguilauncherevent6768 D:\university work\Year2\cpe223\final project\BruhV.1\morseV.1\morse.xpr
# Log file: D:/university work/Year2/cpe223/final project/BruhV.1/morseV.1/vivado.log
# Journal file: D:/university work/Year2/cpe223/final project/BruhV.1/morseV.1\vivado.jou
#-----------------------------------------------------------
start_gui
open_project {D:/university work/Year2/cpe223/final project/BruhV.1/morseV.1/morse.xpr}
INFO: [Project 1-313] Project file moved from 'D:/university work/Year2/cpe223/final project/BruhV.1/morse' since last save.
Scanning sources...
Finished scanning sources
INFO: [IP_Flow 19-234] Refreshing IP repositories
INFO: [IP_Flow 19-1704] No user IP repositories specified
INFO: [IP_Flow 19-2313] Loaded Vivado IP repository 'D:/xilinx/Vivado/2020.1/data/ip'.
open_project: Time (s): cpu = 00:00:35 ; elapsed = 00:00:13 . Memory (MB): peak = 999.648 ; gain = 0.000
updateINFO: [Common 17-206] Exiting Vivaexit
INFO: [Common 17-206] Exiting Vivado at Sun Nov 22 02:51:06 2020...
